ubuntu@demo-datanode1:/exports/projects/hadoop-3.2.1$ bin/hadoop jar HadoopSort.jar HadoopSort /home/input/inputFile /home/output 4
Hadoop Sort Program Started
2020-05-01 20:06:22,270 INFO client.RMProxy: Connecting to ResourceManager at /192.168.122.30:8032
2020-05-01 20:06:22,597 INFO mapreduce.JobResourceUploader: Disabling Erasure Coding for path: /tmp/hadoop-yarn/staging/ubuntu/.staging/job_1588363211799_000
1
2020-05-01 20:06:22,695 INFO sasl.SaslDataTransferClient: SASL encryption trust check: localHostTrusted = false, remoteHostTrusted = false
2020-05-01 20:06:23,253 INFO input.FileInputFormat: Total input files to process : 1
2020-05-01 20:06:23,342 INFO sasl.SaslDataTransferClient: SASL encryption trust check: localHostTrusted = false, remoteHostTrusted = false
2020-05-01 20:06:24,010 INFO sasl.SaslDataTransferClient: SASL encryption trust check: localHostTrusted = false, remoteHostTrusted = false
2020-05-01 20:06:24,419 INFO mapreduce.JobSubmitter: number of splits:358
2020-05-01 20:06:24,444 INFO Configuration.deprecation: mapred.textoutputformat.separator is deprecated. Instead, use mapreduce.output.textoutputformat.separ
ator
2020-05-01 20:06:24,507 INFO sasl.SaslDataTransferClient: SASL encryption trust check: localHostTrusted = false, remoteHostTrusted = false
2020-05-01 20:06:24,525 INFO mapreduce.JobSubmitter: Submitting tokens for job: job_1588363211799_0001
2020-05-01 20:06:24,525 INFO mapreduce.JobSubmitter: Executing with tokens: []
2020-05-01 20:06:24,662 INFO conf.Configuration: resource-types.xml not found
2020-05-01 20:06:24,663 INFO resource.ResourceUtils: Unable to find 'resource-types.xml'.
2020-05-01 20:06:24,885 INFO impl.YarnClientImpl: Submitted application application_1588363211799_0001
2020-05-01 20:06:24,918 INFO mapreduce.Job: The url to track the job: http://demo-namenode.local:8088/proxy/application_1588363211799_0001/
2020-05-01 20:06:24,919 INFO mapreduce.Job: Running job: job_1588363211799_0001
2020-05-01 20:06:31,007 INFO mapreduce.Job: Job job_1588363211799_0001 running in uber mode : false
2020-05-01 20:06:31,008 INFO mapreduce.Job:  map 0% reduce 0%
2020-05-01 20:06:39,112 INFO mapreduce.Job:  map 1% reduce 0%
2020-05-01 20:06:40,118 INFO mapreduce.Job:  map 2% reduce 0%
2020-05-01 20:06:41,125 INFO mapreduce.Job:  map 4% reduce 0%
2020-05-01 20:06:45,166 INFO mapreduce.Job:  map 5% reduce 0%
2020-05-01 20:06:48,191 INFO mapreduce.Job:  map 8% reduce 0%
2020-05-01 20:06:51,206 INFO mapreduce.Job:  map 9% reduce 0%
2020-05-01 20:06:55,235 INFO mapreduce.Job:  map 12% reduce 0%
2020-05-01 20:06:56,241 INFO mapreduce.Job:  map 13% reduce 0%
2020-05-01 20:07:01,276 INFO mapreduce.Job:  map 14% reduce 0%
2020-05-01 20:07:02,281 INFO mapreduce.Job:  map 15% reduce 0%
2020-05-01 20:07:03,295 INFO mapreduce.Job:  map 17% reduce 0%
2020-05-01 20:07:04,311 INFO mapreduce.Job:  map 18% reduce 0%
2020-05-01 20:07:09,340 INFO mapreduce.Job:  map 20% reduce 0%
2020-05-01 20:07:10,345 INFO mapreduce.Job:  map 21% reduce 0%
2020-05-01 20:07:14,376 INFO mapreduce.Job:  map 22% reduce 0%
2020-05-01 20:07:16,387 INFO mapreduce.Job:  map 23% reduce 2%
2020-05-01 20:07:17,392 INFO mapreduce.Job:  map 25% reduce 2%
2020-05-01 20:07:21,415 INFO mapreduce.Job:  map 26% reduce 2%
2020-05-01 20:07:23,429 INFO mapreduce.Job:  map 27% reduce 2%
2020-05-01 20:07:24,434 INFO mapreduce.Job:  map 28% reduce 2%
2020-05-01 20:07:26,449 INFO mapreduce.Job:  map 29% reduce 2%
2020-05-01 20:07:28,470 INFO mapreduce.Job:  map 30% reduce 2%
2020-05-01 20:07:30,485 INFO mapreduce.Job:  map 31% reduce 2%
2020-05-01 20:07:31,491 INFO mapreduce.Job:  map 32% reduce 2%
2020-05-01 20:07:34,512 INFO mapreduce.Job:  map 33% reduce 3%
2020-05-01 20:07:37,525 INFO mapreduce.Job:  map 34% reduce 3%
2020-05-01 20:07:38,530 INFO mapreduce.Job:  map 35% reduce 3%
2020-05-01 20:07:40,539 INFO mapreduce.Job:  map 36% reduce 3%
2020-05-01 20:07:42,548 INFO mapreduce.Job:  map 36% reduce 6%
2020-05-01 20:07:44,555 INFO mapreduce.Job:  map 37% reduce 6%
2020-05-01 20:07:45,559 INFO mapreduce.Job:  map 39% reduce 6%
2020-05-01 20:07:50,583 INFO mapreduce.Job:  map 41% reduce 6%
2020-05-01 20:07:52,595 INFO mapreduce.Job:  map 42% reduce 7%
2020-05-01 20:07:55,608 INFO mapreduce.Job:  map 43% reduce 7%
2020-05-01 20:07:57,618 INFO mapreduce.Job:  map 44% reduce 7%
2020-05-01 20:08:00,638 INFO mapreduce.Job:  map 46% reduce 7%
2020-05-01 20:08:04,663 INFO mapreduce.Job:  map 47% reduce 8%
2020-05-01 20:08:06,670 INFO mapreduce.Job:  map 48% reduce 8%
2020-05-01 20:08:07,681 INFO mapreduce.Job:  map 48% reduce 11%
2020-05-01 20:08:09,688 INFO mapreduce.Job:  map 49% reduce 11%
2020-05-01 20:08:11,696 INFO mapreduce.Job:  map 50% reduce 11%
2020-05-01 20:08:13,705 INFO mapreduce.Job:  map 50% reduce 12%
2020-05-01 20:08:17,727 INFO mapreduce.Job:  map 51% reduce 12%
2020-05-01 20:08:18,732 INFO mapreduce.Job:  map 52% reduce 12%
2020-05-01 20:08:19,735 INFO mapreduce.Job:  map 52% reduce 13%
2020-05-01 20:08:24,756 INFO mapreduce.Job:  map 53% reduce 13%
2020-05-01 20:08:25,763 INFO mapreduce.Job:  map 54% reduce 13%
2020-05-01 20:08:29,784 INFO mapreduce.Job:  map 55% reduce 13%
2020-05-01 20:08:31,806 INFO mapreduce.Job:  map 56% reduce 14%
2020-05-01 20:08:32,810 INFO mapreduce.Job:  map 57% reduce 14%
2020-05-01 20:08:35,819 INFO mapreduce.Job:  map 58% reduce 14%
2020-05-01 20:08:37,830 INFO mapreduce.Job:  map 59% reduce 14%
2020-05-01 20:08:40,842 INFO mapreduce.Job:  map 60% reduce 15%
2020-05-01 20:08:41,846 INFO mapreduce.Job:  map 61% reduce 15%
2020-05-01 20:08:44,855 INFO mapreduce.Job:  map 62% reduce 15%
2020-05-01 20:08:45,859 INFO mapreduce.Job:  map 63% reduce 15%
2020-05-01 20:08:49,873 INFO mapreduce.Job:  map 63% reduce 16%
2020-05-01 20:08:50,875 INFO mapreduce.Job:  map 64% reduce 16%
2020-05-01 20:08:52,883 INFO mapreduce.Job:  map 65% reduce 16%
2020-05-01 20:08:56,895 INFO mapreduce.Job:  map 66% reduce 16%
2020-05-01 20:09:00,910 INFO mapreduce.Job:  map 67% reduce 16%
2020-05-01 20:09:01,913 INFO mapreduce.Job:  map 67% reduce 17%
2020-05-01 20:09:04,924 INFO mapreduce.Job:  map 68% reduce 17%
2020-05-01 20:09:07,935 INFO mapreduce.Job:  map 69% reduce 17%
2020-05-01 20:09:11,954 INFO mapreduce.Job:  map 70% reduce 17%
2020-05-01 20:09:16,972 INFO mapreduce.Job:  map 71% reduce 17%
2020-05-01 20:09:18,978 INFO mapreduce.Job:  map 72% reduce 17%
2020-05-01 20:09:19,982 INFO mapreduce.Job:  map 72% reduce 18%
2020-05-01 20:09:24,998 INFO mapreduce.Job:  map 73% reduce 18%
2020-05-01 20:09:28,009 INFO mapreduce.Job:  map 74% reduce 18%
2020-05-01 20:09:30,015 INFO mapreduce.Job:  map 75% reduce 18%
2020-05-01 20:09:32,025 INFO mapreduce.Job:  map 75% reduce 19%
2020-05-01 20:09:35,033 INFO mapreduce.Job:  map 76% reduce 19%
2020-05-01 20:09:38,043 INFO mapreduce.Job:  map 77% reduce 19%
2020-05-01 20:09:42,056 INFO mapreduce.Job:  map 78% reduce 19%
2020-05-01 20:09:45,070 INFO mapreduce.Job:  map 79% reduce 19%
2020-05-01 20:09:47,077 INFO mapreduce.Job:  map 79% reduce 20%
2020-05-01 20:09:49,083 INFO mapreduce.Job:  map 80% reduce 20%
2020-05-01 20:09:53,098 INFO mapreduce.Job:  map 81% reduce 20%
2020-05-01 20:09:55,105 INFO mapreduce.Job:  map 82% reduce 20%
2020-05-01 20:10:00,120 INFO mapreduce.Job:  map 83% reduce 20%
2020-05-01 20:10:02,125 INFO mapreduce.Job:  map 83% reduce 21%
2020-05-01 20:10:03,128 INFO mapreduce.Job:  map 84% reduce 21%
2020-05-01 20:10:07,141 INFO mapreduce.Job:  map 85% reduce 21%
2020-05-01 20:10:10,154 INFO mapreduce.Job:  map 86% reduce 21%
2020-05-01 20:10:14,167 INFO mapreduce.Job:  map 87% reduce 21%
2020-05-01 20:10:17,176 INFO mapreduce.Job:  map 87% reduce 22%
2020-05-01 20:10:20,185 INFO mapreduce.Job:  map 88% reduce 22%
2020-05-01 20:10:23,192 INFO mapreduce.Job:  map 89% reduce 22%
2020-05-01 20:10:27,205 INFO mapreduce.Job:  map 90% reduce 22%
2020-05-01 20:10:31,221 INFO mapreduce.Job:  map 91% reduce 22%
2020-05-01 20:10:32,224 INFO mapreduce.Job:  map 91% reduce 23%
2020-05-01 20:10:36,239 INFO mapreduce.Job:  map 92% reduce 23%
2020-05-01 20:10:40,256 INFO mapreduce.Job:  map 93% reduce 23%
2020-05-01 20:10:45,269 INFO mapreduce.Job:  map 94% reduce 23%
2020-05-01 20:10:52,288 INFO mapreduce.Job:  map 95% reduce 23%
2020-05-01 20:10:54,296 INFO mapreduce.Job:  map 95% reduce 24%
2020-05-01 20:10:55,298 INFO mapreduce.Job:  map 96% reduce 24%
2020-05-01 20:11:01,316 INFO mapreduce.Job:  map 97% reduce 24%
2020-05-01 20:11:06,330 INFO mapreduce.Job:  map 98% reduce 24%
2020-05-01 20:11:11,343 INFO mapreduce.Job:  map 99% reduce 24%
2020-05-01 20:11:12,350 INFO mapreduce.Job:  map 99% reduce 25%
2020-05-01 20:11:16,366 INFO mapreduce.Job:  map 100% reduce 25%
2020-05-01 20:11:18,371 INFO mapreduce.Job:  map 100% reduce 28%
2020-05-01 20:11:20,376 INFO mapreduce.Job:  map 100% reduce 45%
2020-05-01 20:11:24,386 INFO mapreduce.Job:  map 100% reduce 56%
2020-05-01 20:11:26,391 INFO mapreduce.Job:  map 100% reduce 57%
2020-05-01 20:11:30,408 INFO mapreduce.Job:  map 100% reduce 58%
2020-05-01 20:11:32,414 INFO mapreduce.Job:  map 100% reduce 59%
2020-05-01 20:11:36,425 INFO mapreduce.Job:  map 100% reduce 60%
2020-05-01 20:11:38,436 INFO mapreduce.Job:  map 100% reduce 62%
2020-05-01 20:11:42,446 INFO mapreduce.Job:  map 100% reduce 65%
2020-05-01 20:11:44,451 INFO mapreduce.Job:  map 100% reduce 66%
2020-05-01 20:11:48,461 INFO mapreduce.Job:  map 100% reduce 67%
2020-05-01 20:11:50,466 INFO mapreduce.Job:  map 100% reduce 68%
2020-05-01 20:11:54,478 INFO mapreduce.Job:  map 100% reduce 71%
2020-05-01 20:11:56,484 INFO mapreduce.Job:  map 100% reduce 72%
2020-05-01 20:12:00,495 INFO mapreduce.Job:  map 100% reduce 73%
2020-05-01 20:12:02,499 INFO mapreduce.Job:  map 100% reduce 74%
2020-05-01 20:12:06,509 INFO mapreduce.Job:  map 100% reduce 84%
2020-05-01 20:12:08,513 INFO mapreduce.Job:  map 100% reduce 85%
2020-05-01 20:12:12,523 INFO mapreduce.Job:  map 100% reduce 87%
2020-05-01 20:12:14,528 INFO mapreduce.Job:  map 100% reduce 88%
2020-05-01 20:12:18,542 INFO mapreduce.Job:  map 100% reduce 90%
2020-05-01 20:12:19,545 INFO mapreduce.Job:  map 100% reduce 91%
2020-05-01 20:12:24,559 INFO mapreduce.Job:  map 100% reduce 92%
2020-05-01 20:12:30,575 INFO mapreduce.Job:  map 100% reduce 93%
2020-05-01 20:12:32,580 INFO mapreduce.Job:  map 100% reduce 94%
2020-05-01 20:12:36,589 INFO mapreduce.Job:  map 100% reduce 95%
2020-05-01 20:12:42,605 INFO mapreduce.Job:  map 100% reduce 96%
2020-05-01 20:12:48,620 INFO mapreduce.Job:  map 100% reduce 97%
2020-05-01 20:12:54,637 INFO mapreduce.Job:  map 100% reduce 98%
2020-05-01 20:13:00,652 INFO mapreduce.Job:  map 100% reduce 99%
2020-05-01 20:13:04,664 INFO mapreduce.Job:  map 100% reduce 100%
2020-05-01 20:13:04,667 INFO mapreduce.Job: Job job_1588363211799_0001 completed successfully
2020-05-01 20:13:04,755 INFO mapreduce.Job: Counters: 56
        File System Counters
                FILE: Number of bytes read=24480000120
                FILE: Number of bytes written=49042323990
                FILE: Number of read operations=0
                FILE: Number of large read operations=0
                FILE: Number of write operations=0
                HDFS: Number of bytes read=24046832800
                HDFS: Number of bytes written=24000000000
                HDFS: Number of read operations=1094
                HDFS: Number of large read operations=0
                HDFS: Number of write operations=8
                HDFS: Number of bytes read erasure-coded=0
        Job Counters
                Killed map tasks=1
                Launched map tasks=359
                Launched reduce tasks=4
                Data-local map tasks=333
                Rack-local map tasks=26
                Total time spent by all maps in occupied slots (ms)=3614168
                Total time spent by all reduces in occupied slots (ms)=4030332
                Total time spent by all map tasks (ms)=1807084
                Total time spent by all reduce tasks (ms)=1007583
                Total vcore-milliseconds taken by all map tasks=1807084
                Total vcore-milliseconds taken by all reduce tasks=1007583
                Total megabyte-milliseconds taken by all map tasks=3700908032
                Total megabyte-milliseconds taken by all reduce tasks=4127059968
        Map-Reduce Framework
                Map input records=240000000
                Map output records=240000000
                Map output bytes=24000000000
                Map output materialized bytes=24480008592
                Input split bytes=40096
                Combine input records=0
                Combine output records=0
                Reduce input groups=240000000
                Reduce shuffle bytes=24480008592
                Reduce input records=240000000
                Reduce output records=240000000
                Spilled Records=480000000
                Shuffled Maps =1432
                Failed Shuffles=0
                Merged Map outputs=1432
                GC time elapsed (ms)=42588
                CPU time spent (ms)=1499870
                Physical memory (bytes) snapshot=209644310528
                Virtual memory (bytes) snapshot=1268264497152
                Total committed heap usage (bytes)=195762847744
                Peak Map Physical memory (bytes)=672403456
                Peak Map Virtual memory (bytes)=3490598912
                Peak Reduce Physical memory (bytes)=3456749568
                Peak Reduce Virtual memory (bytes)=5306126336
        Shuffle Errors
                BAD_ID=0
                CONNECTION=0
                IO_ERROR=0
                WRONG_LENGTH=0
                WRONG_MAP=0
                WRONG_REDUCE=0
        File Input Format Counters
                Bytes Read=24046792704
        File Output Format Counters
                Bytes Written=24000000000
Time taken to sort: 403100.0 milliseconds.
ubuntu@demo-datanode1:/exports/projects/hadoop-3.2.1$

ubuntu@demo-datanode1:/exports/projects/hadoop-3.2.1$ bin/hadoop fs -ls /home/output
Found 5 items
-rw-r--r--   1 ubuntu supergroup          0 2020-05-01 20:13 /home/output/_SUCCESS
-rw-r--r--   1 ubuntu supergroup 6062635100 2020-05-01 20:12 /home/output/part-r-00000
-rw-r--r--   1 ubuntu supergroup 6064291300 2020-05-01 20:12 /home/output/part-r-00001
-rw-r--r--   1 ubuntu supergroup 6063551900 2020-05-01 20:12 /home/output/part-r-00002
-rw-r--r--   1 ubuntu supergroup 5809521700 2020-05-01 20:13 /home/output/part-r-00003

Valsort verification:
Records: 240000000
Checksum: 72709d961b4bcc9
Duplicate keys: 0
SUCCESS - all records are in order