2020-04-30 05:23:43,376 INFO sasl.SaslDataTransferClient: SASL encryption trust check:
 localHostTrusted = false, remoteHostTrusted = false
2020-04-30 05:23:43,398 INFO sasl.SaslDataTransferClient: SASL encryption trust check:
 localHostTrusted = false, remoteHostTrusted = false
2020-04-30 05:23:43,401 INFO mapreduce.JobSubmitter: number of splits:60
2020-04-30 05:23:43,438 INFO Configuration.deprecation: mapred.textoutputformat.separa
tor is deprecated. Instead, use mapreduce.output.textoutputformat.separator
2020-04-30 05:23:43,517 INFO sasl.SaslDataTransferClient: SASL encryption trust check:
 localHostTrusted = false, remoteHostTrusted = false
2020-04-30 05:23:43,527 INFO mapreduce.JobSubmitter: Submitting tokens for job: job_15
88221529060_0003
2020-04-30 05:23:43,528 INFO mapreduce.JobSubmitter: Executing with tokens: []
2020-04-30 05:23:43,657 INFO conf.Configuration: resource-types.xml not found
2020-04-30 05:23:43,657 INFO resource.ResourceUtils: Unable to find 'resource-types.xm
l'.
2020-04-30 05:23:43,704 INFO impl.YarnClientImpl: Submitted application application_15
88221529060_0003
2020-04-30 05:23:43,730 INFO mapreduce.Job: The url to track the job: http://demo-name
node.local:8088/proxy/application_1588221529060_0003/
2020-04-30 05:23:43,730 INFO mapreduce.Job: Running job: job_1588221529060_0003
2020-04-30 05:23:48,785 INFO mapreduce.Job: Job job_1588221529060_0003 running in uber
 mode : false
2020-04-30 05:23:48,786 INFO mapreduce.Job:  map 0% reduce 0%
2020-04-30 05:23:59,887 INFO mapreduce.Job:  map 10% reduce 0%
2020-04-30 05:24:08,935 INFO mapreduce.Job:  map 13% reduce 0%
2020-04-30 05:24:09,942 INFO mapreduce.Job:  map 20% reduce 0%
2020-04-30 05:24:18,000 INFO mapreduce.Job:  map 23% reduce 0%
2020-04-30 05:24:19,004 INFO mapreduce.Job:  map 30% reduce 0%
2020-04-30 05:24:28,048 INFO mapreduce.Job:  map 35% reduce 0%
2020-04-30 05:24:29,052 INFO mapreduce.Job:  map 37% reduce 0%
2020-04-30 05:24:30,055 INFO mapreduce.Job:  map 38% reduce 0%
2020-04-30 05:24:34,079 INFO mapreduce.Job:  map 38% reduce 6%
2020-04-30 05:24:36,090 INFO mapreduce.Job:  map 42% reduce 6%
2020-04-30 05:24:37,094 INFO mapreduce.Job:  map 43% reduce 6%
2020-04-30 05:24:38,099 INFO mapreduce.Job:  map 45% reduce 6%
2020-04-30 05:24:40,107 INFO mapreduce.Job:  map 45% reduce 8%
2020-04-30 05:24:43,117 INFO mapreduce.Job:  map 47% reduce 8%
2020-04-30 05:24:44,123 INFO mapreduce.Job:  map 50% reduce 8%
2020-04-30 05:24:45,128 INFO mapreduce.Job:  map 52% reduce 8%
2020-04-30 05:24:47,135 INFO mapreduce.Job:  map 52% reduce 17%
2020-04-30 05:24:50,159 INFO mapreduce.Job:  map 53% reduce 17%
2020-04-30 05:24:51,165 INFO mapreduce.Job:  map 57% reduce 17%
2020-04-30 05:24:52,173 INFO mapreduce.Job:  map 58% reduce 18%
2020-04-30 05:24:53,176 INFO mapreduce.Job:  map 58% reduce 19%
2020-04-30 05:24:57,190 INFO mapreduce.Job:  map 60% reduce 19%
2020-04-30 05:24:58,193 INFO mapreduce.Job:  map 63% reduce 19%
2020-04-30 05:24:59,197 INFO mapreduce.Job:  map 65% reduce 20%
2020-04-30 05:25:04,216 INFO mapreduce.Job:  map 67% reduce 21%
2020-04-30 05:25:05,220 INFO mapreduce.Job:  map 70% reduce 22%
2020-04-30 05:25:06,223 INFO mapreduce.Job:  map 72% reduce 22%
2020-04-30 05:25:09,234 INFO mapreduce.Job:  map 72% reduce 23%
2020-04-30 05:25:10,237 INFO mapreduce.Job:  map 73% reduce 23%
2020-04-30 05:25:11,241 INFO mapreduce.Job:  map 73% reduce 24%
2020-04-30 05:25:12,244 INFO mapreduce.Job:  map 77% reduce 24%
2020-04-30 05:25:14,262 INFO mapreduce.Job:  map 78% reduce 24%
2020-04-30 05:25:15,266 INFO mapreduce.Job:  map 78% reduce 25%
2020-04-30 05:25:17,273 INFO mapreduce.Job:  map 80% reduce 26%
2020-04-30 05:25:19,281 INFO mapreduce.Job:  map 83% reduce 26%
2020-04-30 05:25:20,291 INFO mapreduce.Job:  map 85% reduce 26%
2020-04-30 05:25:21,301 INFO mapreduce.Job:  map 85% reduce 27%
2020-04-30 05:25:23,308 INFO mapreduce.Job:  map 87% reduce 28%
2020-04-30 05:25:25,314 INFO mapreduce.Job:  map 90% reduce 28%
2020-04-30 05:25:27,321 INFO mapreduce.Job:  map 90% reduce 29%
2020-04-30 05:25:28,332 INFO mapreduce.Job:  map 92% reduce 29%
2020-04-30 05:25:29,335 INFO mapreduce.Job:  map 92% reduce 30%
2020-04-30 05:25:30,339 INFO mapreduce.Job:  map 93% reduce 30%
2020-04-30 05:25:32,346 INFO mapreduce.Job:  map 95% reduce 30%
2020-04-30 05:25:33,349 INFO mapreduce.Job:  map 97% reduce 31%
2020-04-30 05:25:35,360 INFO mapreduce.Job:  map 100% reduce 32%
2020-04-30 05:25:39,375 INFO mapreduce.Job:  map 100% reduce 52%
2020-04-30 05:25:41,382 INFO mapreduce.Job:  map 100% reduce 74%
2020-04-30 05:25:45,395 INFO mapreduce.Job:  map 100% reduce 80%
2020-04-30 05:25:47,403 INFO mapreduce.Job:  map 100% reduce 86%
2020-04-30 05:25:51,453 INFO mapreduce.Job:  map 100% reduce 92%
2020-04-30 05:25:53,460 INFO mapreduce.Job:  map 100% reduce 98%
2020-04-30 05:25:54,463 INFO mapreduce.Job:  map 100% reduce 100%
2020-04-30 05:25:55,470 INFO mapreduce.Job: Job job_1588221529060_0003 completed succe
ssfully
2020-04-30 05:25:55,549 INFO mapreduce.Job: Counters: 55
        File System Counters
                FILE: Number of bytes read=4080000072
                FILE: Number of bytes written=8174075800
                FILE: Number of read operations=0
                FILE: Number of large read operations=0
                FILE: Number of write operations=0
                HDFS: Number of bytes read=4007739968
                HDFS: Number of bytes written=4000000000
                HDFS: Number of read operations=190
                HDFS: Number of large read operations=0
                HDFS: Number of write operations=4
                HDFS: Number of bytes read erasure-coded=0
        Job Counters
                Killed map tasks=1
                Launched map tasks=60
                Launched reduce tasks=2
                Data-local map tasks=60
                Total time spent by all maps in occupied slots (ms)=413366
                Total time spent by all reduces in occupied slots (ms)=177467
                Total time spent by all map tasks (ms)=413366
                Total time spent by all reduce tasks (ms)=177467
                Total vcore-milliseconds taken by all map tasks=413366
                Total vcore-milliseconds taken by all reduce tasks=177467
                Total megabyte-milliseconds taken by all map tasks=423286784
                Total megabyte-milliseconds taken by all reduce tasks=181726208
        Map-Reduce Framework
                Map input records=40000000
                Map output records=40000000
                Map output bytes=4000000000
                Map output materialized bytes=4080000720
                Input split bytes=6720
                Combine input records=0
                Combine output records=0
                Reduce input groups=40000000
                Reduce shuffle bytes=4080000720
                Reduce input records=40000000
                Reduce output records=40000000
                Spilled Records=80000000
                Shuffled Maps =120
                Failed Shuffles=0
                Merged Map outputs=120
                GC time elapsed (ms)=11973
                CPU time spent (ms)=242590
                Physical memory (bytes) snapshot=30787739648
                Virtual memory (bytes) snapshot=160839184384
                Total committed heap usage (bytes)=27809808384
                Peak Map Physical memory (bytes)=596770816
                Peak Map Virtual memory (bytes)=2600828928
                Peak Reduce Physical memory (bytes)=985063424
                Peak Reduce Virtual memory (bytes)=2629685248
        Shuffle Errors
                BAD_ID=0
                CONNECTION=0
                IO_ERROR=0
                WRONG_LENGTH=0
                WRONG_MAP=0
                WRONG_REDUCE=0
        File Input Format Counters
                Bytes Read=4007733248
        File Output Format Counters
                Bytes Written=4000000000
Time taken to sort: 133347.0 milliseconds.

ubuntu@demo-namenode:/exports/projects/hadoop-3.2.1$ bin/hadoop fs -ls /home/output
Found 7 items
-rw-r--r--   1 ubuntu supergroup          0 2020-04-30 05:31 /home/output/_SUCCESS
-rw-r--r--   1 ubuntu supergroup  673527900 2020-04-30 05:31 /home/output/part-r-00000
-rw-r--r--   1 ubuntu supergroup  673750800 2020-04-30 05:31 /home/output/part-r-00001

ubuntu@demo-namenode:/exports/projects/hadoop-3.2.1/output$ ls
_SUCCESS  part-r-00000  part-r-00001  valsort
ubuntu@demo-namenode:/exports/projects/hadoop-3.2.1/output$ cat part-r-00000 part-r-00001 >> output.txt

ubuntu@demo-namenode:/exports/projects/hadoop-3.2.1/output$ ./valsort output.txt
Records: 40000000
Checksum: 13129334f61f729
Duplicate keys: 0
SUCCESS - all records are in order
