4GB input file generated

Run MySort Benchmark for 4GB :

Setting Memory Limit : 6815744000
Number of Threads for Sorting : 16
Number of Threads for I/O : 4
Performing In-Memory Sort
Spawning [4] Threads for read operation
Started Read Thread [11]
Started Read Thread [12]
Started Read Thread [14]
Started Read Thread [13]
Completed all Read threads
Time Taken to read file = 40.077 sec
Time Taken to divide into chunks = 3.846 sec
Spawning [16] Threads for mergesort operation
Completed all Merge Sort threads
Time Taken to perform Internal Merge = 27.797 sec
Time Taken to perform merge sort = 74.982 sec
Time Taken to read file = 40.077 sec
Time Taken to perform merge sort = 74.982 sec
Total Time = 115.204 sec

Run Valsort verification for sorted output file :
Records: 40000000
Checksum: 1312774ebf75c93
Duplicate keys: 0
SUCCESS - all records are in order
